<?xml version="1.0" encoding="UTF-8"?>
<!-- Generated by org.testng.reporters.JUnitXMLReporter -->
<testsuite ignored="0" hostname="Mayurs-MacBook-Air.local" failures="0" tests="8" name="ProductInfo Page Test" time="40.536" errors="0" timestamp="2025-08-31T18:07:56 IST">
  <testcase classname="com.qa.opencart.tests.ProductInfoTest" name="productHeaderTest" time="3.936"/>
  <testcase classname="com.qa.opencart.tests.ProductInfoTest" name="productHeaderTest" time="3.05"/>
  <testcase classname="com.qa.opencart.tests.ProductInfoTest" name="productHeaderTest" time="4.145"/>
  <testcase classname="com.qa.opencart.tests.ProductInfoTest" name="productHeaderTest" time="4.112"/>
  <testcase classname="com.qa.opencart.tests.ProductInfoTest" name="productImagesCountTest" time="2.589"/>
  <testcase classname="com.qa.opencart.tests.ProductInfoTest" name="productImagesCountTest" time="3.176"/>
  <testcase classname="com.qa.opencart.tests.ProductInfoTest" name="productImagesCountTest" time="2.552"/>
  <testcase classname="com.qa.opencart.tests.ProductInfoTest" name="productInfoTest" time="3.018"/>
</testsuite> <!-- ProductInfo Page Test -->
