<?xml version="1.0" encoding="UTF-8"?>
<!-- Generated by org.testng.reporters.JUnitXMLReporter -->
<testsuite ignored="4" hostname="Mayurs-MacBook-Air.local" failures="0" tests="1" name="Default test" time="3.621" errors="0" timestamp="2025-08-13T08:58:51 IST">
  <testcase classname="com.qa.opencart.tests.LoginPageTest" name="isLoginPageHeaderExistTest" time="0.019"/>
  <testcase classname="com.qa.opencart.tests.LoginPageTest" name="isForgotPwdLinkExistTest" time="0.0">
    <ignored/>
  </testcase> <!-- isForgotPwdLinkExistTest -->
  <testcase classname="com.qa.opencart.tests.LoginPageTest" name="loginPageTitleTest" time="0.0">
    <ignored/>
  </testcase> <!-- loginPageTitleTest -->
  <testcase classname="com.qa.opencart.tests.LoginPageTest" name="loginPageURLTest" time="0.0">
    <ignored/>
  </testcase> <!-- loginPageURLTest -->
  <testcase classname="com.qa.opencart.tests.LoginPageTest" name="loginTest" time="0.0">
    <ignored/>
  </testcase> <!-- loginTest -->
</testsuite> <!-- Default test -->
