<?xml version="1.0" encoding="UTF-8"?>
<!-- Generated by org.testng.reporters.JUnitXMLReporter -->
<testsuite ignored="0" hostname="Mayurs-MacBook-Air.local" failures="0" tests="5" name="Login Page Test_chrome" time="9.266" errors="0" timestamp="2025-09-01T07:41:23 IST">
  <testcase classname="com.qa.opencart.tests.LoginPageTest" name="isForgotPwdLinkExistTest" time="0.437"/>
  <testcase classname="com.qa.opencart.tests.LoginPageTest" name="isLoginPageHeaderExistTest" time="0.401"/>
  <testcase classname="com.qa.opencart.tests.LoginPageTest" name="loginPageTitleTest" time="0.017"/>
  <testcase classname="com.qa.opencart.tests.LoginPageTest" name="loginPageURLTest" time="0.007"/>
  <testcase classname="com.qa.opencart.tests.LoginPageTest" name="loginTest" time="3.592"/>
</testsuite> <!-- Login Page Test_chrome -->
