<?xml version="1.0" encoding="UTF-8"?>
<testng-results ignored="0" total="5" passed="5" failed="0" skipped="0">
  <reporter-output>
  </reporter-output>
  <suite started-at="2025-09-01T07:41:13 IST" name="Opencart App Test Regression Suite" finished-at="2025-09-01T07:41:22 IST" duration-ms="9266">
    <groups>
    </groups>
    <test started-at="2025-09-01T07:41:13 IST" name="Login Page Test_chrome" finished-at="2025-09-01T07:41:22 IST" duration-ms="9266">
      <class name="com.qa.opencart.tests.LoginPageTest">
        <test-method is-config="true" signature="setUp(java.lang.String)[pri:0, instance:com.qa.opencart.tests.LoginPageTest@1d50a7ca]" started-at="2025-09-01T07:41:13 IST" name="setUp" finished-at="2025-09-01T07:41:18 IST" duration-ms="4646" status="PASS">
          <params>
            <param index="0">
              <value>
                <![CDATA[chrome]]>
              </value>
            </param>
          </params>
          <reporter-output>
          </reporter-output>
        </test-method> <!-- setUp -->
        <test-method signature="isForgotPwdLinkExistTest()[pri:0, instance:com.qa.opencart.tests.LoginPageTest@1d50a7ca]" started-at="2025-09-01T07:41:18 IST" name="isForgotPwdLinkExistTest" finished-at="2025-09-01T07:41:18 IST" duration-ms="437" status="PASS">
          <reporter-output>
          </reporter-output>
        </test-method> <!-- isForgotPwdLinkExistTest -->
        <test-method is-config="true" signature="attachScreenshot(org.testng.ITestResult)[pri:0, instance:com.qa.opencart.tests.LoginPageTest@1d50a7ca]" started-at="2025-09-01T07:41:18 IST" name="attachScreenshot" finished-at="2025-09-01T07:41:18 IST" duration-ms="1" status="PASS">
          <params>
            <param index="0">
              <value>
                <![CDATA[[TestResult name=isForgotPwdLinkExistTest status=SUCCESS method=LoginPageTest.isForgotPwdLinkExistTest()[pri:0, instance:com.qa.opencart.tests.LoginPageTest@1d50a7ca] output={null}]]]>
              </value>
            </param>
          </params>
          <reporter-output>
          </reporter-output>
        </test-method> <!-- attachScreenshot -->
        <test-method signature="isLoginPageHeaderExistTest()[pri:0, instance:com.qa.opencart.tests.LoginPageTest@1d50a7ca]" started-at="2025-09-01T07:41:18 IST" name="isLoginPageHeaderExistTest" finished-at="2025-09-01T07:41:19 IST" duration-ms="401" status="PASS">
          <reporter-output>
          </reporter-output>
        </test-method> <!-- isLoginPageHeaderExistTest -->
        <test-method is-config="true" signature="attachScreenshot(org.testng.ITestResult)[pri:0, instance:com.qa.opencart.tests.LoginPageTest@1d50a7ca]" started-at="2025-09-01T07:41:19 IST" name="attachScreenshot" finished-at="2025-09-01T07:41:19 IST" duration-ms="0" status="PASS">
          <params>
            <param index="0">
              <value>
                <![CDATA[[TestResult name=isLoginPageHeaderExistTest status=SUCCESS method=LoginPageTest.isLoginPageHeaderExistTest()[pri:0, instance:com.qa.opencart.tests.LoginPageTest@1d50a7ca] output={null}]]]>
              </value>
            </param>
          </params>
          <reporter-output>
          </reporter-output>
        </test-method> <!-- attachScreenshot -->
        <test-method signature="loginPageTitleTest()[pri:0, instance:com.qa.opencart.tests.LoginPageTest@1d50a7ca]" started-at="2025-09-01T07:41:19 IST" name="loginPageTitleTest" finished-at="2025-09-01T07:41:19 IST" duration-ms="17" status="PASS">
          <reporter-output>
          </reporter-output>
        </test-method> <!-- loginPageTitleTest -->
        <test-method signature="loginPageURLTest()[pri:0, instance:com.qa.opencart.tests.LoginPageTest@1d50a7ca]" started-at="2025-09-01T07:41:19 IST" name="loginPageURLTest" finished-at="2025-09-01T07:41:19 IST" duration-ms="7" status="PASS">
          <reporter-output>
          </reporter-output>
        </test-method> <!-- loginPageURLTest -->
        <test-method is-config="true" signature="attachScreenshot(org.testng.ITestResult)[pri:0, instance:com.qa.opencart.tests.LoginPageTest@1d50a7ca]" started-at="2025-09-01T07:41:19 IST" name="attachScreenshot" finished-at="2025-09-01T07:41:19 IST" duration-ms="0" status="PASS">
          <params>
            <param index="0">
              <value>
                <![CDATA[[TestResult name=loginPageTitleTest status=SUCCESS method=LoginPageTest.loginPageTitleTest()[pri:0, instance:com.qa.opencart.tests.LoginPageTest@1d50a7ca] output={null}]]]>
              </value>
            </param>
          </params>
          <reporter-output>
          </reporter-output>
        </test-method> <!-- attachScreenshot -->
        <test-method is-config="true" signature="attachScreenshot(org.testng.ITestResult)[pri:0, instance:com.qa.opencart.tests.LoginPageTest@1d50a7ca]" started-at="2025-09-01T07:41:19 IST" name="attachScreenshot" finished-at="2025-09-01T07:41:19 IST" duration-ms="0" status="PASS">
          <params>
            <param index="0">
              <value>
                <![CDATA[[TestResult name=loginPageURLTest status=SUCCESS method=LoginPageTest.loginPageURLTest()[pri:0, instance:com.qa.opencart.tests.LoginPageTest@1d50a7ca] output={null}]]]>
              </value>
            </param>
          </params>
          <reporter-output>
          </reporter-output>
        </test-method> <!-- attachScreenshot -->
        <test-method signature="loginTest()[pri:2147483647, instance:com.qa.opencart.tests.LoginPageTest@1d50a7ca]" started-at="2025-09-01T07:41:19 IST" name="loginTest" finished-at="2025-09-01T07:41:22 IST" duration-ms="3592" status="PASS">
          <reporter-output>
          </reporter-output>
        </test-method> <!-- loginTest -->
        <test-method is-config="true" signature="attachScreenshot(org.testng.ITestResult)[pri:0, instance:com.qa.opencart.tests.LoginPageTest@1d50a7ca]" started-at="2025-09-01T07:41:22 IST" name="attachScreenshot" finished-at="2025-09-01T07:41:22 IST" duration-ms="0" status="PASS">
          <params>
            <param index="0">
              <value>
                <![CDATA[[TestResult name=loginTest status=SUCCESS method=LoginPageTest.loginTest()[pri:2147483647, instance:com.qa.opencart.tests.LoginPageTest@1d50a7ca] output={null}]]]>
              </value>
            </param>
          </params>
          <reporter-output>
          </reporter-output>
        </test-method> <!-- attachScreenshot -->
        <test-method is-config="true" signature="tearDown()[pri:0, instance:com.qa.opencart.tests.LoginPageTest@1d50a7ca]" started-at="2025-09-01T07:41:22 IST" name="tearDown" finished-at="2025-09-01T07:41:22 IST" duration-ms="100" status="PASS">
          <reporter-output>
          </reporter-output>
        </test-method> <!-- tearDown -->
      </class> <!-- com.qa.opencart.tests.LoginPageTest -->
    </test> <!-- Login Page Test_chrome -->
  </suite> <!-- Opencart App Test Regression Suite -->
</testng-results>
