<?xml version="1.0" encoding="UTF-8"?>
<testsuite xmlns:xsi="http://www.w3.org/2001/XMLSchema-instance" xsi:noNamespaceSchemaLocation="https://maven.apache.org/surefire/maven-surefire-plugin/xsd/surefire-test-report.xsd" name="TestSuite" time="9.99" tests="5" errors="0" skipped="0" failures="0">
  <properties>
[...]
</properties>
  <testcase name="isForgotPwdLinkExistTest" classname="com.qa.opencart.tests.LoginPageTest" time="0.473"/>
  <testcase name="isLoginPageHeaderExistTest" classname="com.qa.opencart.tests.LoginPageTest" time="0.402"/>
  <testcase name="loginPageTitleTest" classname="com.qa.opencart.tests.LoginPageTest" time="0.018"/>
  <testcase name="loginPageURLTest" classname="com.qa.opencart.tests.LoginPageTest" time="0.008"/>
  <testcase name="loginTest" classname="com.qa.opencart.tests.LoginPageTest" time="3.594"/>
</testsuite>